key="CTRL_Q" data={"isCharacter":false,"code":{"type":"Buffer","data":[17]}}
parsed={"ctrl":true,"shift":false,"alt":false,"meta":false,"key":"q"} keyStr=ctrl+q

key="DOWN" data={"isCharacter":false,"code":{"type":"Buffer","data":[27,91,66]}}
parsed={"ctrl":false,"shift":false,"alt":false,"meta":false,"key":"down"} keyStr=down

key="DOWN" data={"isCharacter":false,"code":{"type":"Buffer","data":[27,91,66]}}
parsed={"ctrl":false,"shift":false,"alt":false,"meta":false,"key":"down"} keyStr=down

key="DOWN" data={"isCharacter":false,"code":{"type":"Buffer","data":[27,91,66]}}
parsed={"ctrl":false,"shift":false,"alt":false,"meta":false,"key":"down"} keyStr=down

key="DOWN" data={"isCharacter":false,"code":{"type":"Buffer","data":[27,91,66]}}
parsed={"ctrl":false,"shift":false,"alt":false,"meta":false,"key":"down"} keyStr=down

key="CTRL_B" data={"isCharacter":false,"code":{"type":"Buffer","data":[2]}}
parsed={"ctrl":true,"shift":false,"alt":false,"meta":false,"key":"b"} keyStr=ctrl+b

key="CTRL_W" data={"isCharacter":false,"code":{"type":"Buffer","data":[23]}}
parsed={"ctrl":true,"shift":false,"alt":false,"meta":false,"key":"w"} keyStr=ctrl+w

key="CTRL_W" data={"isCharacter":false,"code":{"type":"Buffer","data":[23]}}
parsed={"ctrl":true,"shift":false,"alt":false,"meta":false,"key":"w"} keyStr=ctrl+w

key="CTRL_B" data={"isCharacter":false,"code":{"type":"Buffer","data":[2]}}
parsed={"ctrl":true,"shift":false,"alt":false,"meta":false,"key":"b"} keyStr=ctrl+b

key="CTRL_Q" data={"isCharacter":false,"code":{"type":"Buffer","data":[17]}}
parsed={"ctrl":true,"shift":false,"alt":false,"meta":false,"key":"q"} keyStr=ctrl+q

key="DOWN" data={"isCharacter":false,"code":{"type":"Buffer","data":[27,91,66]}}
parsed={"ctrl":false,"shift":false,"alt":false,"meta":false,"key":"down"} keyStr=down

key="DOWN" data={"isCharacter":false,"code":{"type":"Buffer","data":[27,91,66]}}
parsed={"ctrl":false,"shift":false,"alt":false,"meta":false,"key":"down"} keyStr=down

key="DOWN" data={"isCharacter":false,"code":{"type":"Buffer","data":[27,91,66]}}
parsed={"ctrl":false,"shift":false,"alt":false,"meta":false,"key":"down"} keyStr=down

key="DOWN" data={"isCharacter":false,"code":{"type":"Buffer","data":[27,91,66]}}
parsed={"ctrl":false,"shift":false,"alt":false,"meta":false,"key":"down"} keyStr=down

key="∫" data={"isCharacter":true,"codepoint":8747,"code":{"type":"Buffer","data":[226,136,171]}}
parsed={"ctrl":false,"shift":false,"alt":true,"meta":false,"key":"b"} keyStr=alt+b

key="DOWN" data={"isCharacter":false,"code":{"type":"Buffer","data":[27,91,66]}}
parsed={"ctrl":false,"shift":false,"alt":false,"meta":false,"key":"down"} keyStr=down

key="DOWN" data={"isCharacter":false,"code":{"type":"Buffer","data":[27,91,66]}}
parsed={"ctrl":false,"shift":false,"alt":false,"meta":false,"key":"down"} keyStr=down

key="DOWN" data={"isCharacter":false,"code":{"type":"Buffer","data":[27,91,66]}}
parsed={"ctrl":false,"shift":false,"alt":false,"meta":false,"key":"down"} keyStr=down

key="DOWN" data={"isCharacter":false,"code":{"type":"Buffer","data":[27,91,66]}}
parsed={"ctrl":false,"shift":false,"alt":false,"meta":false,"key":"down"} keyStr=down

key="DOWN" data={"isCharacter":false,"code":{"type":"Buffer","data":[27,91,66]}}
parsed={"ctrl":false,"shift":false,"alt":false,"meta":false,"key":"down"} keyStr=down

key="DOWN" data={"isCharacter":false,"code":{"type":"Buffer","data":[27,91,66]}}
parsed={"ctrl":false,"shift":false,"alt":false,"meta":false,"key":"down"} keyStr=down

key="DOWN" data={"isCharacter":false,"code":{"type":"Buffer","data":[27,91,66]}}
parsed={"ctrl":false,"shift":false,"alt":false,"meta":false,"key":"down"} keyStr=down

key="DOWN" data={"isCharacter":false,"code":{"type":"Buffer","data":[27,91,66]}}
parsed={"ctrl":false,"shift":false,"alt":false,"meta":false,"key":"down"} keyStr=down

key="∫" data={"isCharacter":true,"codepoint":8747,"code":{"type":"Buffer","data":[226,136,171]}}
parsed={"ctrl":false,"shift":false,"alt":true,"meta":false,"key":"b"} keyStr=alt+b

key="∫" data={"isCharacter":true,"codepoint":8747,"code":{"type":"Buffer","data":[226,136,171]}}
parsed={"ctrl":false,"shift":false,"alt":true,"meta":false,"key":"b"} keyStr=alt+b

key="∫" data={"isCharacter":true,"codepoint":8747,"code":{"type":"Buffer","data":[226,136,171]}}
parsed={"ctrl":false,"shift":false,"alt":true,"meta":false,"key":"b"} keyStr=alt+b

key="∫" data={"isCharacter":true,"codepoint":8747,"code":{"type":"Buffer","data":[226,136,171]}}
parsed={"ctrl":false,"shift":false,"alt":true,"meta":false,"key":"b"} keyStr=alt+b

key="∫" data={"isCharacter":true,"codepoint":8747,"code":{"type":"Buffer","data":[226,136,171]}}
parsed={"ctrl":false,"shift":false,"alt":true,"meta":false,"key":"b"} keyStr=alt+b

key="∫" data={"isCharacter":true,"codepoint":8747,"code":{"type":"Buffer","data":[226,136,171]}}
parsed={"ctrl":false,"shift":false,"alt":true,"meta":false,"key":"b"} keyStr=alt+b

key="ƒ" data={"isCharacter":true,"codepoint":402,"code":{"type":"Buffer","data":[198,146]}}
parsed={"ctrl":false,"shift":false,"alt":true,"meta":false,"key":"f"} keyStr=alt+f

key="ƒ" data={"isCharacter":true,"codepoint":402,"code":{"type":"Buffer","data":[198,146]}}
parsed={"ctrl":false,"shift":false,"alt":true,"meta":false,"key":"f"} keyStr=alt+f

key="ƒ" data={"isCharacter":true,"codepoint":402,"code":{"type":"Buffer","data":[198,146]}}
parsed={"ctrl":false,"shift":false,"alt":true,"meta":false,"key":"f"} keyStr=alt+f

key="ƒ" data={"isCharacter":true,"codepoint":402,"code":{"type":"Buffer","data":[198,146]}}
parsed={"ctrl":false,"shift":false,"alt":true,"meta":false,"key":"f"} keyStr=alt+f

key="ƒ" data={"isCharacter":true,"codepoint":402,"code":{"type":"Buffer","data":[198,146]}}
parsed={"ctrl":false,"shift":false,"alt":true,"meta":false,"key":"f"} keyStr=alt+f

key="ƒ" data={"isCharacter":true,"codepoint":402,"code":{"type":"Buffer","data":[198,146]}}
parsed={"ctrl":false,"shift":false,"alt":true,"meta":false,"key":"f"} keyStr=alt+f

key="ƒ" data={"isCharacter":true,"codepoint":402,"code":{"type":"Buffer","data":[198,146]}}
parsed={"ctrl":false,"shift":false,"alt":true,"meta":false,"key":"f"} keyStr=alt+f

key="ƒ" data={"isCharacter":true,"codepoint":402,"code":{"type":"Buffer","data":[198,146]}}
parsed={"ctrl":false,"shift":false,"alt":true,"meta":false,"key":"f"} keyStr=alt+f

key="ƒ" data={"isCharacter":true,"codepoint":402,"code":{"type":"Buffer","data":[198,146]}}
parsed={"ctrl":false,"shift":false,"alt":true,"meta":false,"key":"f"} keyStr=alt+f

key="ƒ" data={"isCharacter":true,"codepoint":402,"code":{"type":"Buffer","data":[198,146]}}
parsed={"ctrl":false,"shift":false,"alt":true,"meta":false,"key":"f"} keyStr=alt+f

key="ƒ" data={"isCharacter":true,"codepoint":402,"code":{"type":"Buffer","data":[198,146]}}
parsed={"ctrl":false,"shift":false,"alt":true,"meta":false,"key":"f"} keyStr=alt+f

key="ƒ" data={"isCharacter":true,"codepoint":402,"code":{"type":"Buffer","data":[198,146]}}
parsed={"ctrl":false,"shift":false,"alt":true,"meta":false,"key":"f"} keyStr=alt+f

key="ƒ" data={"isCharacter":true,"codepoint":402,"code":{"type":"Buffer","data":[198,146]}}
parsed={"ctrl":false,"shift":false,"alt":true,"meta":false,"key":"f"} keyStr=alt+f

key="ƒ" data={"isCharacter":true,"codepoint":402,"code":{"type":"Buffer","data":[198,146]}}
parsed={"ctrl":false,"shift":false,"alt":true,"meta":false,"key":"f"} keyStr=alt+f

key="ƒ" data={"isCharacter":true,"codepoint":402,"code":{"type":"Buffer","data":[198,146]}}
parsed={"ctrl":false,"shift":false,"alt":true,"meta":false,"key":"f"} keyStr=alt+f

key="ƒ" data={"isCharacter":true,"codepoint":402,"code":{"type":"Buffer","data":[198,146]}}
parsed={"ctrl":false,"shift":false,"alt":true,"meta":false,"key":"f"} keyStr=alt+f

key="CTRL_C" data={"isCharacter":false,"code":{"type":"Buffer","data":[3]}}
parsed={"ctrl":true,"shift":false,"alt":false,"meta":false,"key":"c"} keyStr=ctrl+c

key="r" data={"isCharacter":true,"codepoint":114,"code":114}
parsed={"ctrl":false,"shift":false,"alt":false,"meta":false,"key":"r"} keyStr=r

key="m" data={"isCharacter":true,"codepoint":109,"code":109}
parsed={"ctrl":false,"shift":false,"alt":false,"meta":false,"key":"m"} keyStr=m

key=" " data={"isCharacter":true,"codepoint":32,"code":32}
parsed={"ctrl":false,"shift":false,"alt":false,"meta":false,"key":" "} keyStr= 

key="-" data={"isCharacter":true,"codepoint":45,"code":45}
parsed={"ctrl":false,"shift":false,"alt":false,"meta":false,"key":"-"} keyStr=-

key="f" data={"isCharacter":true,"codepoint":102,"code":102}
parsed={"ctrl":false,"shift":false,"alt":false,"meta":false,"key":"f"} keyStr=f

key=" " data={"isCharacter":true,"codepoint":32,"code":32}
parsed={"ctrl":false,"shift":false,"alt":false,"meta":false,"key":" "} keyStr= 

key="/" data={"isCharacter":true,"codepoint":47,"code":47}
parsed={"ctrl":false,"shift":false,"alt":false,"meta":false,"key":"/"} keyStr=/

key="U" data={"isCharacter":true,"codepoint":85,"code":85}
parsed={"ctrl":false,"shift":false,"alt":false,"meta":false,"key":"u"} keyStr=u

key="s" data={"isCharacter":true,"codepoint":115,"code":115}
parsed={"ctrl":false,"shift":false,"alt":false,"meta":false,"key":"s"} keyStr=s

key="e" data={"isCharacter":true,"codepoint":101,"code":101}
parsed={"ctrl":false,"shift":false,"alt":false,"meta":false,"key":"e"} keyStr=e

key="r" data={"isCharacter":true,"codepoint":114,"code":114}
parsed={"ctrl":false,"shift":false,"alt":false,"meta":false,"key":"r"} keyStr=r

key="s" data={"isCharacter":true,"codepoint":115,"code":115}
parsed={"ctrl":false,"shift":false,"alt":false,"meta":false,"key":"s"} keyStr=s

key="/" data={"isCharacter":true,"codepoint":47,"code":47}
parsed={"ctrl":false,"shift":false,"alt":false,"meta":false,"key":"/"} keyStr=/

key="k" data={"isCharacter":true,"codepoint":107,"code":107}
parsed={"ctrl":false,"shift":false,"alt":false,"meta":false,"key":"k"} keyStr=k

key="e" data={"isCharacter":true,"codepoint":101,"code":101}
parsed={"ctrl":false,"shift":false,"alt":false,"meta":false,"key":"e"} keyStr=e

key="i" data={"isCharacter":true,"codepoint":105,"code":105}
parsed={"ctrl":false,"shift":false,"alt":false,"meta":false,"key":"i"} keyStr=i

key="t" data={"isCharacter":true,"codepoint":116,"code":116}
parsed={"ctrl":false,"shift":false,"alt":false,"meta":false,"key":"t"} keyStr=t

key="h" data={"isCharacter":true,"codepoint":104,"code":104}
parsed={"ctrl":false,"shift":false,"alt":false,"meta":false,"key":"h"} keyStr=h

key="/" data={"isCharacter":true,"codepoint":47,"code":47}
parsed={"ctrl":false,"shift":false,"alt":false,"meta":false,"key":"/"} keyStr=/

key="D" data={"isCharacter":true,"codepoint":68,"code":68}
parsed={"ctrl":false,"shift":false,"alt":false,"meta":false,"key":"d"} keyStr=d

key="e" data={"isCharacter":true,"codepoint":101,"code":101}
parsed={"ctrl":false,"shift":false,"alt":false,"meta":false,"key":"e"} keyStr=e

key="v" data={"isCharacter":true,"codepoint":118,"code":118}
parsed={"ctrl":false,"shift":false,"alt":false,"meta":false,"key":"v"} keyStr=v

key="e" data={"isCharacter":true,"codepoint":101,"code":101}
parsed={"ctrl":false,"shift":false,"alt":false,"meta":false,"key":"e"} keyStr=e

key="l" data={"isCharacter":true,"codepoint":108,"code":108}
parsed={"ctrl":false,"shift":false,"alt":false,"meta":false,"key":"l"} keyStr=l

key="o" data={"isCharacter":true,"codepoint":111,"code":111}
parsed={"ctrl":false,"shift":false,"alt":false,"meta":false,"key":"o"} keyStr=o

key="p" data={"isCharacter":true,"codepoint":112,"code":112}
parsed={"ctrl":false,"shift":false,"alt":false,"meta":false,"key":"p"} keyStr=p

key="m" data={"isCharacter":true,"codepoint":109,"code":109}
parsed={"ctrl":false,"shift":false,"alt":false,"meta":false,"key":"m"} keyStr=m

key="e" data={"isCharacter":true,"codepoint":101,"code":101}
parsed={"ctrl":false,"shift":false,"alt":false,"meta":false,"key":"e"} keyStr=e

key="n" data={"isCharacter":true,"codepoint":110,"code":110}
parsed={"ctrl":false,"shift":false,"alt":false,"meta":false,"key":"n"} keyStr=n

key="t" data={"isCharacter":true,"codepoint":116,"code":116}
parsed={"ctrl":false,"shift":false,"alt":false,"meta":false,"key":"t"} keyStr=t

key="/" data={"isCharacter":true,"codepoint":47,"code":47}
parsed={"ctrl":false,"shift":false,"alt":false,"meta":false,"key":"/"} keyStr=/

key="u" data={"isCharacter":true,"codepoint":117,"code":117}
parsed={"ctrl":false,"shift":false,"alt":false,"meta":false,"key":"u"} keyStr=u

key="l" data={"isCharacter":true,"codepoint":108,"code":108}
parsed={"ctrl":false,"shift":false,"alt":false,"meta":false,"key":"l"} keyStr=l

key="t" data={"isCharacter":true,"codepoint":116,"code":116}
parsed={"ctrl":false,"shift":false,"alt":false,"meta":false,"key":"t"} keyStr=t

key="r" data={"isCharacter":true,"codepoint":114,"code":114}
parsed={"ctrl":false,"shift":false,"alt":false,"meta":false,"key":"r"} keyStr=r

key="a" data={"isCharacter":true,"codepoint":97,"code":97}
parsed={"ctrl":false,"shift":false,"alt":false,"meta":false,"key":"a"} keyStr=a

key="-" data={"isCharacter":true,"codepoint":45,"code":45}
parsed={"ctrl":false,"shift":false,"alt":false,"meta":false,"key":"-"} keyStr=-

key="e" data={"isCharacter":true,"codepoint":101,"code":101}
parsed={"ctrl":false,"shift":false,"alt":false,"meta":false,"key":"e"} keyStr=e

key="d" data={"isCharacter":true,"codepoint":100,"code":100}
parsed={"ctrl":false,"shift":false,"alt":false,"meta":false,"key":"d"} keyStr=d

key="i" data={"isCharacter":true,"codepoint":105,"code":105}
parsed={"ctrl":false,"shift":false,"alt":false,"meta":false,"key":"i"} keyStr=i

key="t" data={"isCharacter":true,"codepoint":116,"code":116}
parsed={"ctrl":false,"shift":false,"alt":false,"meta":false,"key":"t"} keyStr=t

key="o" data={"isCharacter":true,"codepoint":111,"code":111}
parsed={"ctrl":false,"shift":false,"alt":false,"meta":false,"key":"o"} keyStr=o

key="r" data={"isCharacter":true,"codepoint":114,"code":114}
parsed={"ctrl":false,"shift":false,"alt":false,"meta":false,"key":"r"} keyStr=r

key="/" data={"isCharacter":true,"codepoint":47,"code":47}
parsed={"ctrl":false,"shift":false,"alt":false,"meta":false,"key":"/"} keyStr=/

key="k" data={"isCharacter":true,"codepoint":107,"code":107}
parsed={"ctrl":false,"shift":false,"alt":false,"meta":false,"key":"k"} keyStr=k

key="e" data={"isCharacter":true,"codepoint":101,"code":101}
parsed={"ctrl":false,"shift":false,"alt":false,"meta":false,"key":"e"} keyStr=e

key="y" data={"isCharacter":true,"codepoint":121,"code":121}
parsed={"ctrl":false,"shift":false,"alt":false,"meta":false,"key":"y"} keyStr=y

key="s" data={"isCharacter":true,"codepoint":115,"code":115}
parsed={"ctrl":false,"shift":false,"alt":false,"meta":false,"key":"s"} keyStr=s

key="." data={"isCharacter":true,"codepoint":46,"code":46}
parsed={"ctrl":false,"shift":false,"alt":false,"meta":false,"key":"."} keyStr=.

key="l" data={"isCharacter":true,"codepoint":108,"code":108}
parsed={"ctrl":false,"shift":false,"alt":false,"meta":false,"key":"l"} keyStr=l

key="o" data={"isCharacter":true,"codepoint":111,"code":111}
parsed={"ctrl":false,"shift":false,"alt":false,"meta":false,"key":"o"} keyStr=o

key="g" data={"isCharacter":true,"codepoint":103,"code":103}
parsed={"ctrl":false,"shift":false,"alt":false,"meta":false,"key":"g"} keyStr=g

key="ENTER" data={"isCharacter":false,"code":{"type":"Buffer","data":[13]}}
parsed={"ctrl":false,"shift":false,"alt":false,"meta":false,"key":"enter"} keyStr=enter

key="CTRL_D" data={"isCharacter":false,"code":{"type":"Buffer","data":[4]}}
parsed={"ctrl":true,"shift":false,"alt":false,"meta":false,"key":"d"} keyStr=ctrl+d

key="CTRL_D" data={"isCharacter":false,"code":{"type":"Buffer","data":[4]}}
parsed={"ctrl":true,"shift":false,"alt":false,"meta":false,"key":"d"} keyStr=ctrl+d

key="CTRL_D" data={"isCharacter":false,"code":{"type":"Buffer","data":[4]}}
parsed={"ctrl":true,"shift":false,"alt":false,"meta":false,"key":"d"} keyStr=ctrl+d

key="CTRL_D" data={"isCharacter":false,"code":{"type":"Buffer","data":[4]}}
parsed={"ctrl":true,"shift":false,"alt":false,"meta":false,"key":"d"} keyStr=ctrl+d

key="CTRL_D" data={"isCharacter":false,"code":{"type":"Buffer","data":[4]}}
parsed={"ctrl":true,"shift":false,"alt":false,"meta":false,"key":"d"} keyStr=ctrl+d

key="CTRL_D" data={"isCharacter":false,"code":{"type":"Buffer","data":[4]}}
parsed={"ctrl":true,"shift":false,"alt":false,"meta":false,"key":"d"} keyStr=ctrl+d

key="CTRL_D" data={"isCharacter":false,"code":{"type":"Buffer","data":[4]}}
parsed={"ctrl":true,"shift":false,"alt":false,"meta":false,"key":"d"} keyStr=ctrl+d

key="CTRL_Q" data={"isCharacter":false,"code":{"type":"Buffer","data":[17]}}
parsed={"ctrl":true,"shift":false,"alt":false,"meta":false,"key":"q"} keyStr=ctrl+q

